Using pre-set license
Built from '2020.3/staging' branch; Version is '2020.3.11f1 (99c7afb366b3) revision 10078127'; Using compiler version '192528614'; Build Type 'Release'
OS: 'Windows 10 Home; OS build 19043.1415; Version 2009; 64bit' Language: 'ja' Physical Memory: 6020 MB
BatchMode: 1, IsHumanControllingUs: 0, StartBugReporterOnCrash: 0, Is64bit: 1, IsPro: 0

 COMMAND LINE ARGUMENTS:
C:\Program Files\Unity\Hub\Editor\2020.3.11f1\Editor\Unity.exe
-adb2
-batchMode
-noUpm
-name
AssetImportWorker1
-projectPath
C:/Users/n0905/github/0106NewProject
-logFile
Logs/AssetImportWorker1.log
-srvPort
52173
Successfully changed project path to: C:/Users/n0905/github/0106NewProject
C:/Users/n0905/github/0106NewProject
Using Asset Import Pipeline V2.
Refreshing native plugins compatible for Editor in 159.80 ms, found 5 plugins.
Preloading 0 native plugins for Editor in 0.00 ms.
Initialize engine version: 2020.3.11f1 (99c7afb366b3)
[Subsystems] Discovering subsystems at path C:/Program Files/Unity/Hub/Editor/2020.3.11f1/Editor/Data/Resources/UnitySubsystems
[Subsystems] Discovering subsystems at path C:/Users/n0905/github/0106NewProject/Assets
GfxDevice: creating device client; threaded=0
Direct3D:
    Version:  Direct3D 11.0 [level 11.1]
    Renderer: AMD Radeon(TM) Vega 8 Graphics (ID=0x15d8)
    Vendor:   
    VRAM:     3010 MB
    Driver:   27.20.11028.10001
Initialize mono
Mono path[0] = 'C:/Program Files/Unity/Hub/Editor/2020.3.11f1/Editor/Data/Managed'
Mono path[1] = 'C:/Program Files/Unity/Hub/Editor/2020.3.11f1/Editor/Data/MonoBleedingEdge/lib/mono/unityjit'
Mono config path = 'C:/Program Files/Unity/Hub/Editor/2020.3.11f1/Editor/Data/MonoBleedingEdge/etc'
Using monoOptions --debugger-agent=transport=dt_socket,embedding=1,server=y,suspend=n,address=127.0.0.1:56416
Begin MonoManager ReloadAssembly
Registering precompiled unity dll's ...
Register platform support module: C:/Program Files/Unity/Hub/Editor/2020.3.11f1/Editor/Data/PlaybackEngines/WebGLSupport/UnityEditor.WebGL.Extensions.dll
Register platform support module: C:/Program Files/Unity/Hub/Editor/2020.3.11f1/Editor/Data/PlaybackEngines/WindowsStandaloneSupport/UnityEditor.WindowsStandalone.Extensions.dll
Registered in 0.005549 seconds.
Native extension for WindowsStandalone target not found
Native extension for WebGL target not found
Refreshing native plugins compatible for Editor in 115.22 ms, found 5 plugins.
Preloading 0 native plugins for Editor in 0.00 ms.
Mono: successfully reloaded assembly
- Completed reload, in  6.483 seconds
Platform modules already initialized, skipping
Registering precompiled user dll's ...
Registered in 0.014223 seconds.
Begin MonoManager ReloadAssembly
Native extension for WindowsStandalone target not found
Native extension for WebGL target not found
Refreshing native plugins compatible for Editor in 102.30 ms, found 5 plugins.
Preloading 0 native plugins for Editor in 0.00 ms.
Mono: successfully reloaded assembly
- Completed reload, in  1.688 seconds
Platform modules already initialized, skipping
========================================================================
Worker process is ready to serve import requests
Shader 'Universal Render Pipeline/Particles/Lit': fallback shader 'Universal Render Pipeline/Particles/SimpleLit' not found
Shader 'Universal Render Pipeline/Particles/Lit': fallback shader 'Universal Render Pipeline/Particles/SimpleLit' not found
Launched and connected shader compiler UnityShaderCompiler.exe after 0.09 seconds
Refreshing native plugins compatible for Editor in 0.90 ms, found 5 plugins.
Preloading 0 native plugins for Editor in 0.00 ms.
Unloading 3374 Unused Serialized files (Serialized files now loaded: 0)
System memory in use before: 190.7 MB.
System memory in use after: 177.3 MB.

Unloading 120 unused Assets to reduce memory usage. Loaded Objects now: 3727.
Total: 17.837000 ms (FindLiveObjects: 0.481600 ms CreateObjectMapping: 0.158700 ms MarkObjects: 3.568900 ms  DeleteObjects: 13.625300 ms)

========================================================================
Received Import Request.
  path: Assets/Scripts/SampleAnimation.cs
  artifactKey: Guid(e4c06f20112640046b5bf45ff2a659f2) Importer(815301076,1909f56bfc062723c751e8b465ee728b)
Start importing Assets/Scripts/SampleAnimation.cs using Guid(e4c06f20112640046b5bf45ff2a659f2) Importer(815301076,1909f56bfc062723c751e8b465ee728b)  -> (artifact id: 'ccd97e1e97399cac8e697e3bb3d563f1') in 0.065347 seconds
  Import took 0.071151 seconds .

========================================================================
Received Import Request.
  Time since last request: 71.109170 seconds.
  path: Assets/Scripts/SampleAnimation.cs
  artifactKey: Guid(e4c06f20112640046b5bf45ff2a659f2) Importer(815301076,1909f56bfc062723c751e8b465ee728b)
Start importing Assets/Scripts/SampleAnimation.cs using Guid(e4c06f20112640046b5bf45ff2a659f2) Importer(815301076,1909f56bfc062723c751e8b465ee728b)  -> (artifact id: 'aeffbb0b9f851b6b7f7fee507367a573') in 0.033745 seconds
  Import took 0.040073 seconds .

========================================================================
Received Import Request.
  Time since last request: 0.431744 seconds.
  path: Assets/Scripts/SampleAnimation.cs
  artifactKey: Guid(e4c06f20112640046b5bf45ff2a659f2) Importer(815301076,1909f56bfc062723c751e8b465ee728b)
Start importing Assets/Scripts/SampleAnimation.cs using Guid(e4c06f20112640046b5bf45ff2a659f2) Importer(815301076,1909f56bfc062723c751e8b465ee728b)  -> (artifact id: 'aeffbb0b9f851b6b7f7fee507367a573') in 0.037642 seconds
  Import took 0.045093 seconds .

========================================================================
Received Prepare
Registering precompiled user dll's ...
Registered in 0.007335 seconds.
Begin MonoManager ReloadAssembly
Native extension for WindowsStandalone target not found
Native extension for WebGL target not found
Refreshing native plugins compatible for Editor in 1.37 ms, found 5 plugins.
Preloading 0 native plugins for Editor in 0.00 ms.
Mono: successfully reloaded assembly
- Completed reload, in  1.584 seconds
Platform modules already initialized, skipping
Switching build target platform(19) subTarget(0) extendedPlatform(0) -> platform(13) subTarget(537395200) extendedPlatform(0)
Shader 'Universal Render Pipeline/Particles/Lit': fallback shader 'Universal Render Pipeline/Particles/SimpleLit' not found
Shader 'Universal Render Pipeline/Particles/Lit': fallback shader 'Universal Render Pipeline/Particles/SimpleLit' not found
Refreshing native plugins compatible for Editor in 1.16 ms, found 5 plugins.
Preloading 0 native plugins for Editor in 0.00 ms.
Unloading 3207 Unused Serialized files (Serialized files now loaded: 0)
System memory in use before: 173.0 MB.
System memory in use after: 159.7 MB.

Unloading 112 unused Assets to reduce memory usage. Loaded Objects now: 3728.
Total: 19.152100 ms (FindLiveObjects: 0.501800 ms CreateObjectMapping: 0.156100 ms MarkObjects: 4.438900 ms  DeleteObjects: 14.052700 ms)

AssetImportParameters requested are different than current active one (requested -> active):
  custom:graphics/normal-map-encoding: 01000000000000000000000000000000 -> 02000000000000000000000000000000
========================================================================
Received Import Request.
  Time since last request: 153.904631 seconds.
  path: Assets/uchwch/Animation/MyAnimation.controller
  artifactKey: Guid(3ed7d37cbe08a714d8b04ce0cf4063e6) Importer(815301076,1909f56bfc062723c751e8b465ee728b)
Start importing Assets/uchwch/Animation/MyAnimation.controller using Guid(3ed7d37cbe08a714d8b04ce0cf4063e6) Importer(815301076,1909f56bfc062723c751e8b465ee728b)  -> (artifact id: 'd2ac4581d5ef34b08e34b3336936a3fd') in 0.103047 seconds
  Import took 0.111473 seconds .

========================================================================
Received Prepare
Registering precompiled user dll's ...
Registered in 0.025858 seconds.
Begin MonoManager ReloadAssembly
Native extension for WindowsStandalone target not found
Native extension for WebGL target not found
Refreshing native plugins compatible for Editor in 1.15 ms, found 5 plugins.
Preloading 0 native plugins for Editor in 0.00 ms.
Mono: successfully reloaded assembly
- Completed reload, in  2.606 seconds
Platform modules already initialized, skipping
Switching build target platform(19) subTarget(0) extendedPlatform(0) -> platform(13) subTarget(537395200) extendedPlatform(0)
Shader 'Universal Render Pipeline/Particles/Lit': fallback shader 'Universal Render Pipeline/Particles/SimpleLit' not found
Shader 'Universal Render Pipeline/Particles/Lit': fallback shader 'Universal Render Pipeline/Particles/SimpleLit' not found
Refreshing native plugins compatible for Editor in 2.16 ms, found 5 plugins.
Preloading 0 native plugins for Editor in 0.00 ms.
Unloading 3207 Unused Serialized files (Serialized files now loaded: 0)
System memory in use before: 173.1 MB.
System memory in use after: 159.8 MB.

Unloading 111 unused Assets to reduce memory usage. Loaded Objects now: 3730.
Total: 26.238300 ms (FindLiveObjects: 0.813000 ms CreateObjectMapping: 0.157600 ms MarkObjects: 9.942600 ms  DeleteObjects: 15.322300 ms)

AssetImportParameters requested are different than current active one (requested -> active):
  custom:graphics/normal-map-encoding: 01000000000000000000000000000000 -> 02000000000000000000000000000000
========================================================================
Received Import Request.
  Time since last request: 71076.564978 seconds.
  path: Assets/uchwch/SD_Chan_Animation_Bundle/Art/Timeline
  artifactKey: Guid(114c617e0f4930a448f02aae31abea09) Importer(815301076,1909f56bfc062723c751e8b465ee728b)
Start importing Assets/uchwch/SD_Chan_Animation_Bundle/Art/Timeline using Guid(114c617e0f4930a448f02aae31abea09) Importer(815301076,1909f56bfc062723c751e8b465ee728b)  -> (artifact id: '27f3b1da6120c035dd5589368e78464b') in 0.481397 seconds
  Import took 0.943571 seconds .

========================================================================
Received Import Request.
  Time since last request: 34.190676 seconds.
  path: Assets/uchwch/SD_Chan_Animation_Bundle/Art/Meshes
  artifactKey: Guid(b8b5ea82cb2c7434ab56548b452876e5) Importer(815301076,1909f56bfc062723c751e8b465ee728b)
Start importing Assets/uchwch/SD_Chan_Animation_Bundle/Art/Meshes using Guid(b8b5ea82cb2c7434ab56548b452876e5) Importer(815301076,1909f56bfc062723c751e8b465ee728b)  -> (artifact id: '1a9df1721900f5ad92418e7094c6ff44') in 0.036307 seconds
  Import took 0.074276 seconds .

========================================================================
Received Prepare
Registering precompiled user dll's ...
Registered in 0.007301 seconds.
Begin MonoManager ReloadAssembly
Native extension for WindowsStandalone target not found
Native extension for WebGL target not found
Refreshing native plugins compatible for Editor in 1.02 ms, found 5 plugins.
Preloading 0 native plugins for Editor in 0.00 ms.
Mono: successfully reloaded assembly
- Completed reload, in  2.066 seconds
Platform modules already initialized, skipping
Switching build target platform(19) subTarget(0) extendedPlatform(0) -> platform(13) subTarget(537395200) extendedPlatform(0)
Shader 'Universal Render Pipeline/Particles/Lit': fallback shader 'Universal Render Pipeline/Particles/SimpleLit' not found
Shader 'Universal Render Pipeline/Particles/Lit': fallback shader 'Universal Render Pipeline/Particles/SimpleLit' not found
Refreshing native plugins compatible for Editor in 1.06 ms, found 5 plugins.
Preloading 0 native plugins for Editor in 0.00 ms.
Unloading 3207 Unused Serialized files (Serialized files now loaded: 0)
System memory in use before: 173.0 MB.
System memory in use after: 159.8 MB.

Unloading 111 unused Assets to reduce memory usage. Loaded Objects now: 3732.
Total: 17.297500 ms (FindLiveObjects: 0.488000 ms CreateObjectMapping: 0.123300 ms MarkObjects: 3.295800 ms  DeleteObjects: 13.388000 ms)

AssetImportParameters requested are different than current active one (requested -> active):
  custom:graphics/normal-map-encoding: 01000000000000000000000000000000 -> 02000000000000000000000000000000
========================================================================
Received Import Request.
  Time since last request: 158.492744 seconds.
  path: Assets/uchwch/SD_Chan_Animation_Bundle/Scenes
  artifactKey: Guid(8634c365695141249bc5164e3fc019d2) Importer(815301076,1909f56bfc062723c751e8b465ee728b)
Start importing Assets/uchwch/SD_Chan_Animation_Bundle/Scenes using Guid(8634c365695141249bc5164e3fc019d2) Importer(815301076,1909f56bfc062723c751e8b465ee728b)  -> (artifact id: '9e9bbe6517dfb7a7d462a1245a71522d') in 0.071394 seconds
  Import took 0.081797 seconds .

========================================================================
Received Import Request.
  Time since last request: 1.821573 seconds.
  path: Assets/uchwch/SD_Chan_Animation_Bundle/Scenes/Animation List.unity
  artifactKey: Guid(6fe6835f3fe46984f8e8375e364ca433) Importer(815301076,1909f56bfc062723c751e8b465ee728b)
Start importing Assets/uchwch/SD_Chan_Animation_Bundle/Scenes/Animation List.unity using Guid(6fe6835f3fe46984f8e8375e364ca433) Importer(815301076,1909f56bfc062723c751e8b465ee728b)  -> (artifact id: '35e3f1371780553c3822ea1843a785ca') in 0.088823 seconds
  Import took 0.096827 seconds .

========================================================================
Received Prepare
Registering precompiled user dll's ...
Registered in 0.022897 seconds.
Begin MonoManager ReloadAssembly
Native extension for WindowsStandalone target not found
Native extension for WebGL target not found
Refreshing native plugins compatible for Editor in 1.01 ms, found 5 plugins.
Preloading 0 native plugins for Editor in 0.00 ms.
Mono: successfully reloaded assembly
- Completed reload, in  1.704 seconds
Platform modules already initialized, skipping
Switching build target platform(19) subTarget(0) extendedPlatform(0) -> platform(13) subTarget(537395200) extendedPlatform(0)
Shader 'Universal Render Pipeline/Particles/Lit': fallback shader 'Universal Render Pipeline/Particles/SimpleLit' not found
Shader 'Universal Render Pipeline/Particles/Lit': fallback shader 'Universal Render Pipeline/Particles/SimpleLit' not found
Refreshing native plugins compatible for Editor in 1.39 ms, found 5 plugins.
Preloading 0 native plugins for Editor in 0.00 ms.
Unloading 3207 Unused Serialized files (Serialized files now loaded: 0)
System memory in use before: 173.2 MB.
System memory in use after: 159.8 MB.

Unloading 111 unused Assets to reduce memory usage. Loaded Objects now: 3734.
Total: 18.823500 ms (FindLiveObjects: 0.594900 ms CreateObjectMapping: 0.125700 ms MarkObjects: 3.313700 ms  DeleteObjects: 14.786500 ms)

AssetImportParameters requested are different than current active one (requested -> active):
  custom:graphics/normal-map-encoding: 01000000000000000000000000000000 -> 02000000000000000000000000000000
========================================================================
Received Import Request.
  Time since last request: 1275.399775 seconds.
  path: Assets/uchwch/SD_Chan_Animation_Bundle/Art/Materials/bg.mat
  artifactKey: Guid(a4518416552ea6a4992a943612a65291) Importer(815301076,1909f56bfc062723c751e8b465ee728b)
Start importing Assets/uchwch/SD_Chan_Animation_Bundle/Art/Materials/bg.mat using Guid(a4518416552ea6a4992a943612a65291) Importer(815301076,1909f56bfc062723c751e8b465ee728b)  -> (artifact id: '8afdf691fb23094405c86aa65d677099') in 0.499283 seconds
  Import took 0.509263 seconds .

========================================================================
Received Import Request.
  Time since last request: 0.000296 seconds.
  path: Assets/uchwch/SD_Chan_Animation_Bundle/Art/Materials/Unity_chan_body.mat
  artifactKey: Guid(a4ed31ac8857b954093ccf3805c7032f) Importer(815301076,1909f56bfc062723c751e8b465ee728b)
Start importing Assets/uchwch/SD_Chan_Animation_Bundle/Art/Materials/Unity_chan_body.mat using Guid(a4ed31ac8857b954093ccf3805c7032f) Importer(815301076,1909f56bfc062723c751e8b465ee728b)  -> (artifact id: 'd75f367fd4eb811ecf38c2cfc08246ba') in 0.093758 seconds
  Import took 0.102536 seconds .

========================================================================
Received Import Request.
  Time since last request: 0.000295 seconds.
  path: Assets/uchwch/SD_Chan_Animation_Bundle/Art/Materials/Unity_chan_face.mat
  artifactKey: Guid(4ab41d5bf7db11448a99b3d7a15ad915) Importer(815301076,1909f56bfc062723c751e8b465ee728b)
Start importing Assets/uchwch/SD_Chan_Animation_Bundle/Art/Materials/Unity_chan_face.mat using Guid(4ab41d5bf7db11448a99b3d7a15ad915) Importer(815301076,1909f56bfc062723c751e8b465ee728b)  -> (artifact id: 'c930a23ee043c94a60710d4387a3f712') in 0.075095 seconds
  Import took 0.082773 seconds .

========================================================================
Received Import Request.
  Time since last request: 0.000294 seconds.
  path: Assets/uchwch/SD_Chan_Animation_Bundle/Art/Materials/Unity_chan_hair.mat
  artifactKey: Guid(5704d53d8eb56d842b4949f553cd1c69) Importer(815301076,1909f56bfc062723c751e8b465ee728b)
Start importing Assets/uchwch/SD_Chan_Animation_Bundle/Art/Materials/Unity_chan_hair.mat using Guid(5704d53d8eb56d842b4949f553cd1c69) Importer(815301076,1909f56bfc062723c751e8b465ee728b)  -> (artifact id: 'cfabe0b463e5bd79fb6b600f3c2c0d08') in 0.072654 seconds
  Import took 0.080644 seconds .

========================================================================
Received Import Request.
  Time since last request: 8.655921 seconds.
  path: Assets/uchwch/Toon
  artifactKey: Guid(ce8245d6be36b38479d3c27401d351c2) Importer(815301076,1909f56bfc062723c751e8b465ee728b)
Start importing Assets/uchwch/Toon using Guid(ce8245d6be36b38479d3c27401d351c2) Importer(815301076,1909f56bfc062723c751e8b465ee728b)  -> (artifact id: '53cbd8b74995db12a90e97dd3df50ff8') in 0.057690 seconds
  Import took 0.065987 seconds .

========================================================================
Received Import Request.
  Time since last request: 1.469678 seconds.
  path: Assets/uchwch/Toon/Editor
  artifactKey: Guid(093cb430087771d4b821016f6d720e7d) Importer(815301076,1909f56bfc062723c751e8b465ee728b)
Start importing Assets/uchwch/Toon/Editor using Guid(093cb430087771d4b821016f6d720e7d) Importer(815301076,1909f56bfc062723c751e8b465ee728b)  -> (artifact id: '6d761b9db57f8e672925ecd6b77be5f3') in 0.048197 seconds
  Import took 0.058107 seconds .

========================================================================
Received Prepare
Registering precompiled user dll's ...
Registered in 0.007046 seconds.
Begin MonoManager ReloadAssembly
Native extension for WindowsStandalone target not found
Native extension for WebGL target not found
Refreshing native plugins compatible for Editor in 1.29 ms, found 5 plugins.
Preloading 0 native plugins for Editor in 0.00 ms.
Mono: successfully reloaded assembly
- Completed reload, in  1.699 seconds
Platform modules already initialized, skipping
Switching build target platform(19) subTarget(0) extendedPlatform(0) -> platform(13) subTarget(537395200) extendedPlatform(0)
Shader 'Universal Render Pipeline/Particles/Lit': fallback shader 'Universal Render Pipeline/Particles/SimpleLit' not found
Shader 'Universal Render Pipeline/Particles/Lit': fallback shader 'Universal Render Pipeline/Particles/SimpleLit' not found
Refreshing native plugins compatible for Editor in 0.98 ms, found 5 plugins.
Preloading 0 native plugins for Editor in 0.00 ms.
Unloading 3207 Unused Serialized files (Serialized files now loaded: 0)
System memory in use before: 178.7 MB.
System memory in use after: 165.3 MB.

Unloading 111 unused Assets to reduce memory usage. Loaded Objects now: 3814.
Total: 20.387300 ms (FindLiveObjects: 0.532100 ms CreateObjectMapping: 0.148600 ms MarkObjects: 4.299900 ms  DeleteObjects: 15.403500 ms)

AssetImportParameters requested are different than current active one (requested -> active):
  custom:graphics/normal-map-encoding: 01000000000000000000000000000000 -> 02000000000000000000000000000000
========================================================================
Received Import Request.
  Time since last request: 2116.466122 seconds.
  path: Assets/Standard Assets/Characters/ThirdPersonCharacter/Animation/HumanoidCrouch.fbx
  artifactKey: Guid(d89ea37480b6d75458aa38843e9688dc) Importer(815301076,1909f56bfc062723c751e8b465ee728b)
Start importing Assets/Standard Assets/Characters/ThirdPersonCharacter/Animation/HumanoidCrouch.fbx using Guid(d89ea37480b6d75458aa38843e9688dc) Importer(815301076,1909f56bfc062723c751e8b465ee728b)  -> (artifact id: '9b57f999cbfc40e1ea9ba5f1baec6840') in 0.451594 seconds
  Import took 0.636950 seconds .

========================================================================
Received Import Request.
  Time since last request: 0.000345 seconds.
  path: Assets/Standard Assets/Characters/ThirdPersonCharacter/Animation/HumanoidWalkTurn.fbx
  artifactKey: Guid(1c52c953c83c2254a9fa72d50250f028) Importer(815301076,1909f56bfc062723c751e8b465ee728b)
Start importing Assets/Standard Assets/Characters/ThirdPersonCharacter/Animation/HumanoidWalkTurn.fbx using Guid(1c52c953c83c2254a9fa72d50250f028) Importer(815301076,1909f56bfc062723c751e8b465ee728b)  -> (artifact id: 'bdf9428b89b7876574d5a68fb32e0241') in 0.073644 seconds
  Import took 0.083398 seconds .

========================================================================
Received Import Request.
  Time since last request: 0.000276 seconds.
  path: Assets/Standard Assets/Characters/ThirdPersonCharacter/Animation/HumanoidJumpAndFall.fbx
  artifactKey: Guid(51dd2e4c869794f75a0df7d54b210214) Importer(815301076,1909f56bfc062723c751e8b465ee728b)
Start importing Assets/Standard Assets/Characters/ThirdPersonCharacter/Animation/HumanoidJumpAndFall.fbx using Guid(51dd2e4c869794f75a0df7d54b210214) Importer(815301076,1909f56bfc062723c751e8b465ee728b)  -> (artifact id: 'fe75497ddc370cb539af918d12127e5b') in 0.061167 seconds
  Import took 0.069218 seconds .

========================================================================
Received Import Request.
  Time since last request: 0.000342 seconds.
  path: Assets/Standard Assets/Characters/ThirdPersonCharacter/Animation/HumanoidStandTurn.fbx
  artifactKey: Guid(6fb3851da6a6f5948ab6892bee8ba920) Importer(815301076,1909f56bfc062723c751e8b465ee728b)
Start importing Assets/Standard Assets/Characters/ThirdPersonCharacter/Animation/HumanoidStandTurn.fbx using Guid(6fb3851da6a6f5948ab6892bee8ba920) Importer(815301076,1909f56bfc062723c751e8b465ee728b)  -> (artifact id: '779a18382d90d21d5162f7b71dacb626') in 0.069484 seconds
  Import took 0.077089 seconds .

========================================================================
Received Import Request.
  Time since last request: 0.000343 seconds.
  path: Assets/Standard Assets/Characters/ThirdPersonCharacter/Animation/HumanoidWalkTurnSharp.fbx
  artifactKey: Guid(bb141fc9a700c9c4ca7e6dadb8acf24b) Importer(815301076,1909f56bfc062723c751e8b465ee728b)
Start importing Assets/Standard Assets/Characters/ThirdPersonCharacter/Animation/HumanoidWalkTurnSharp.fbx using Guid(bb141fc9a700c9c4ca7e6dadb8acf24b) Importer(815301076,1909f56bfc062723c751e8b465ee728b)  -> (artifact id: '68a73186173641ca7c20cb61d365a947') in 0.058349 seconds
  Import took 0.067226 seconds .

========================================================================
Received Import Request.
  Time since last request: 0.000297 seconds.
  path: Assets/Standard Assets/Characters/ThirdPersonCharacter/Animation/HumanoidRunTurn.fbx
  artifactKey: Guid(1062212255550964e974f3ffb3cbaae3) Importer(815301076,1909f56bfc062723c751e8b465ee728b)
Start importing Assets/Standard Assets/Characters/ThirdPersonCharacter/Animation/HumanoidRunTurn.fbx using Guid(1062212255550964e974f3ffb3cbaae3) Importer(815301076,1909f56bfc062723c751e8b465ee728b)  -> (artifact id: 'b076bb50259782eee6b8976a13576ccc') in 0.058329 seconds
  Import took 0.066557 seconds .

========================================================================
Received Import Request.
  Time since last request: 0.000246 seconds.
  path: Assets/Standard Assets/Characters/ThirdPersonCharacter/Animation/HumanoidIdle.fbx
  artifactKey: Guid(dffa50cfe77e0434bbfa71245b3dd529) Importer(815301076,1909f56bfc062723c751e8b465ee728b)
Start importing Assets/Standard Assets/Characters/ThirdPersonCharacter/Animation/HumanoidIdle.fbx using Guid(dffa50cfe77e0434bbfa71245b3dd529) Importer(815301076,1909f56bfc062723c751e8b465ee728b)  -> (artifact id: '43ac55d8ef12a3e540ff47d55caa122e') in 0.062034 seconds
  Import took 0.071075 seconds .

========================================================================
Received Import Request.
  Time since last request: 0.000294 seconds.
  path: Assets/Standard Assets/Characters/ThirdPersonCharacter/Animation/HumanoidRunTurnSharp.fbx
  artifactKey: Guid(f2bed5dc5afacff44a00de8daae9703b) Importer(815301076,1909f56bfc062723c751e8b465ee728b)
Start importing Assets/Standard Assets/Characters/ThirdPersonCharacter/Animation/HumanoidRunTurnSharp.fbx using Guid(f2bed5dc5afacff44a00de8daae9703b) Importer(815301076,1909f56bfc062723c751e8b465ee728b)  -> (artifact id: '1a3bd8ea9e1373c6bdc6021499f4107e') in 0.057096 seconds
  Import took 0.063752 seconds .

========================================================================
Received Import Request.
  Time since last request: 0.000298 seconds.
  path: Assets/Standard Assets/Characters/ThirdPersonCharacter/Animation/HumanoidWalk.fbx
  artifactKey: Guid(b1a5e04ae51004842aba06704a6c2903) Importer(815301076,1909f56bfc062723c751e8b465ee728b)
Start importing Assets/Standard Assets/Characters/ThirdPersonCharacter/Animation/HumanoidWalk.fbx using Guid(b1a5e04ae51004842aba06704a6c2903) Importer(815301076,1909f56bfc062723c751e8b465ee728b)  -> (artifact id: '0d0dd83831c36dfd29a9d2243603acbd') in 0.047495 seconds
  Import took 0.054422 seconds .

========================================================================
Received Import Request.
  Time since last request: 0.000403 seconds.
  path: Assets/Standard Assets/Characters/ThirdPersonCharacter/Animation/HumanoidRun.fbx
  artifactKey: Guid(1cb8ed3cbba15f0479fbae54e0a963df) Importer(815301076,1909f56bfc062723c751e8b465ee728b)
Start importing Assets/Standard Assets/Characters/ThirdPersonCharacter/Animation/HumanoidRun.fbx using Guid(1cb8ed3cbba15f0479fbae54e0a963df) Importer(815301076,1909f56bfc062723c751e8b465ee728b)  -> (artifact id: '421f4a6609d46ab2b6b1ec0eddf84030') in 0.054615 seconds
  Import took 0.063257 seconds .

========================================================================
Received Import Request.
  Time since last request: 0.000299 seconds.
  path: Assets/Standard Assets/Characters/ThirdPersonCharacter/Animation/HumanoidMidAir.fbx
  artifactKey: Guid(f03e10c73f30b4ab4aa8ea8f1cc16d36) Importer(815301076,1909f56bfc062723c751e8b465ee728b)
Start importing Assets/Standard Assets/Characters/ThirdPersonCharacter/Animation/HumanoidMidAir.fbx using Guid(f03e10c73f30b4ab4aa8ea8f1cc16d36) Importer(815301076,1909f56bfc062723c751e8b465ee728b)  -> (artifact id: 'c9f75157f87b9a25f51bff32f1940085') in 0.053465 seconds
  Import took 0.062671 seconds .

========================================================================
Received Import Request.
  Time since last request: 0.000327 seconds.
  path: Assets/Standard Assets/Characters/ThirdPersonCharacter/Animation/HumanoidIdleJumpUp.fbx
  artifactKey: Guid(0d9d26e2162aa4d11ab075b34c029673) Importer(815301076,1909f56bfc062723c751e8b465ee728b)
Start importing Assets/Standard Assets/Characters/ThirdPersonCharacter/Animation/HumanoidIdleJumpUp.fbx using Guid(0d9d26e2162aa4d11ab075b34c029673) Importer(815301076,1909f56bfc062723c751e8b465ee728b)  -> (artifact id: '641a738b482a7a95533283a75ea94876') in 0.053438 seconds
  Import took 0.063285 seconds .

========================================================================
Received Prepare
Registering precompiled user dll's ...
Registered in 0.008457 seconds.
Begin MonoManager ReloadAssembly
Native extension for WindowsStandalone target not found
Native extension for WebGL target not found
Refreshing native plugins compatible for Editor in 1.01 ms, found 5 plugins.
Preloading 0 native plugins for Editor in 0.00 ms.
Mono: successfully reloaded assembly
- Completed reload, in  1.943 seconds
Platform modules already initialized, skipping
Switching build target platform(19) subTarget(0) extendedPlatform(0) -> platform(13) subTarget(537395200) extendedPlatform(0)
Shader 'Universal Render Pipeline/Particles/Lit': fallback shader 'Universal Render Pipeline/Particles/SimpleLit' not found
Shader 'Universal Render Pipeline/Particles/Lit': fallback shader 'Universal Render Pipeline/Particles/SimpleLit' not found
Refreshing native plugins compatible for Editor in 1.77 ms, found 5 plugins.
Preloading 0 native plugins for Editor in 0.00 ms.
Unloading 3207 Unused Serialized files (Serialized files now loaded: 0)
System memory in use before: 179.3 MB.
System memory in use after: 165.9 MB.

Unloading 111 unused Assets to reduce memory usage. Loaded Objects now: 3816.
Total: 23.643400 ms (FindLiveObjects: 0.560700 ms CreateObjectMapping: 0.165700 ms MarkObjects: 4.550100 ms  DeleteObjects: 18.362000 ms)

AssetImportParameters requested are different than current active one (requested -> active):
  custom:graphics/normal-map-encoding: 01000000000000000000000000000000 -> 02000000000000000000000000000000
AssetImportWorkerClient::OnTransportError - code=2 error=End of file
